<?xml version="1.0" encoding="UTF-8"?>
<!-- Generated by org.testng.reporters.JUnitReportReporter -->
<testsuite hostname="L005370" failures="0" tests="1" name="com.seleniumeasy.DriverScript.DriverScript" time="16.793" errors="0" timestamp="2020-01-30T19:51:44 IST" skipped="0">
  <testcase classname="com.seleniumeasy.DriverScript.DriverScript" name="sampleFormTest" time="16.793"/>
</testsuite> <!-- com.seleniumeasy.DriverScript.DriverScript -->
